2025-05-06 11:53:26 | INFO     | __main__:main:13 - Starting LinkedIn Data Extractor
2025-05-06 11:53:26 | INFO     | src.config:load_config:14 - Loading environment variables
2025-05-06 11:53:26 | DEBUG    | src.api.texau_client:__init__:31 - TexAU client initialized with complete authentication
2025-05-06 11:53:26 | DEBUG    | src.api.linkedin_api:__init__:11 - LinkedIn API client initialized
2025-05-06 11:53:26 | DEBUG    | src.ui.app:__init__:16 - Initializing LinkedIn Extractor App
2025-05-06 11:59:07 | INFO     | __main__:main:13 - Starting LinkedIn Data Extractor
2025-05-06 11:59:07 | INFO     | src.config:load_config:14 - Loading environment variables
2025-05-06 11:59:07 | DEBUG    | src.api.texau_client:__init__:31 - TexAU client initialized with complete authentication
2025-05-06 11:59:07 | DEBUG    | src.api.linkedin_api:__init__:11 - LinkedIn API client initialized
2025-05-06 11:59:07 | DEBUG    | src.ui.app:__init__:16 - Initializing LinkedIn Extractor App
2025-05-06 11:59:07 | INFO     | __main__:main:13 - Starting LinkedIn Data Extractor
2025-05-06 11:59:07 | INFO     | src.config:load_config:14 - Loading environment variables
2025-05-06 11:59:07 | DEBUG    | src.api.texau_client:__init__:31 - TexAU client initialized with complete authentication
2025-05-06 11:59:07 | DEBUG    | src.api.linkedin_api:__init__:11 - LinkedIn API client initialized
2025-05-06 11:59:07 | DEBUG    | src.ui.app:__init__:16 - Initializing LinkedIn Extractor App
2025-05-06 11:59:07 | INFO     | src.ui.app:keyword_search_page:134 - Extracting posts for search: Allied Worldwide
2025-05-06 11:59:07 | DEBUG    | src.api.texau_client:_make_request:51 - Making API request to endpoint: public/automations?platformId=622f03eb770f6bba0b8facaa
2025-05-06 11:59:08 | DEBUG    | src.api.linkedin_api:run_automation:34 - Payload sent to TexAU /run: {
  "name": "Post Search Export",
  "description": "Export LinkedIn posts by keywords",
  "automationId": "64099c6e0936e46db5d76f4c",
  "connectedAccountId": "67ffa43877d8e1e658850bc3",
  "timezone": "Asia/Kolkata",
  "inputs": {
    "liPostSearchUrl": "Allied Worldwide"
  }
}
2025-05-06 11:59:08 | DEBUG    | src.api.texau_client:_make_request:51 - Making API request to endpoint: public/run
2025-05-06 11:59:09 | DEBUG    | src.api.texau_client:_make_request:51 - Making API request to endpoint: public/results/6819ac3596647ff7f42b025d
2025-05-06 11:59:11 | DEBUG    | src.api.texau_client:_make_request:51 - Making API request to endpoint: public/results/6819ac3596647ff7f42b025d
2025-05-06 11:59:13 | DEBUG    | src.api.texau_client:_make_request:51 - Making API request to endpoint: public/results/6819ac3596647ff7f42b025d
2025-05-06 11:59:15 | DEBUG    | src.api.texau_client:_make_request:51 - Making API request to endpoint: public/results/6819ac3596647ff7f42b025d
2025-05-06 11:59:17 | DEBUG    | src.api.texau_client:_make_request:51 - Making API request to endpoint: public/results/6819ac3596647ff7f42b025d
2025-05-06 11:59:19 | DEBUG    | src.api.texau_client:_make_request:51 - Making API request to endpoint: public/results/6819ac3596647ff7f42b025d
2025-05-06 11:59:20 | DEBUG    | src.api.texau_client:_make_request:51 - Making API request to endpoint: public/results/6819ac3596647ff7f42b025d
2025-05-06 11:59:22 | DEBUG    | src.api.texau_client:_make_request:51 - Making API request to endpoint: public/results/6819ac3596647ff7f42b025d
2025-05-06 11:59:24 | DEBUG    | src.api.texau_client:_make_request:51 - Making API request to endpoint: public/results/6819ac3596647ff7f42b025d
2025-05-06 11:59:26 | DEBUG    | src.api.texau_client:_make_request:51 - Making API request to endpoint: public/results/6819ac3596647ff7f42b025d
2025-05-06 11:59:28 | DEBUG    | src.api.texau_client:_make_request:51 - Making API request to endpoint: public/results/6819ac3596647ff7f42b025d
2025-05-06 11:59:29 | DEBUG    | src.api.texau_client:_make_request:51 - Making API request to endpoint: public/results/6819ac3596647ff7f42b025d
2025-05-06 11:59:31 | DEBUG    | src.api.texau_client:_make_request:51 - Making API request to endpoint: public/results/6819ac3596647ff7f42b025d
2025-05-06 11:59:33 | DEBUG    | src.api.texau_client:_make_request:51 - Making API request to endpoint: public/results/6819ac3596647ff7f42b025d
2025-05-06 11:59:35 | DEBUG    | src.api.texau_client:_make_request:51 - Making API request to endpoint: public/results/6819ac3596647ff7f42b025d
2025-05-06 11:59:37 | DEBUG    | src.api.texau_client:_make_request:51 - Making API request to endpoint: public/results/6819ac3596647ff7f42b025d
2025-05-06 11:59:39 | DEBUG    | src.api.texau_client:_make_request:51 - Making API request to endpoint: public/results/6819ac3596647ff7f42b025d
2025-05-06 11:59:40 | DEBUG    | src.api.texau_client:_make_request:51 - Making API request to endpoint: public/results/6819ac3596647ff7f42b025d
2025-05-06 11:59:42 | DEBUG    | src.api.texau_client:_make_request:51 - Making API request to endpoint: public/results/6819ac3596647ff7f42b025d
2025-05-06 11:59:44 | DEBUG    | src.api.texau_client:_make_request:51 - Making API request to endpoint: public/results/6819ac3596647ff7f42b025d
2025-05-06 11:59:46 | DEBUG    | src.api.texau_client:_make_request:51 - Making API request to endpoint: public/results/6819ac3596647ff7f42b025d
2025-05-06 11:59:48 | DEBUG    | src.api.texau_client:_make_request:51 - Making API request to endpoint: public/results/6819ac3596647ff7f42b025d
2025-05-06 11:59:50 | DEBUG    | src.api.texau_client:_make_request:51 - Making API request to endpoint: public/results/6819ac3596647ff7f42b025d
2025-05-06 11:59:52 | DEBUG    | src.api.texau_client:_make_request:51 - Making API request to endpoint: public/results/6819ac3596647ff7f42b025d
2025-05-06 11:59:53 | DEBUG    | src.api.texau_client:_make_request:51 - Making API request to endpoint: public/results/6819ac3596647ff7f42b025d
2025-05-06 11:59:55 | DEBUG    | src.api.texau_client:_make_request:51 - Making API request to endpoint: public/results/6819ac3596647ff7f42b025d
2025-05-06 11:59:57 | DEBUG    | src.api.texau_client:_make_request:51 - Making API request to endpoint: public/results/6819ac3596647ff7f42b025d
2025-05-06 11:59:59 | DEBUG    | src.api.texau_client:_make_request:51 - Making API request to endpoint: public/results/6819ac3596647ff7f42b025d
2025-05-06 12:00:01 | DEBUG    | src.api.texau_client:_make_request:51 - Making API request to endpoint: public/results/6819ac3596647ff7f42b025d
2025-05-06 12:00:03 | DEBUG    | src.api.texau_client:_make_request:51 - Making API request to endpoint: public/results/6819ac3596647ff7f42b025d
2025-05-06 12:00:05 | DEBUG    | src.api.texau_client:_make_request:51 - Making API request to endpoint: public/results/6819ac3596647ff7f42b025d
2025-05-06 12:00:06 | DEBUG    | src.api.texau_client:_make_request:51 - Making API request to endpoint: public/results/6819ac3596647ff7f42b025d
2025-05-06 12:00:08 | DEBUG    | src.api.texau_client:_make_request:51 - Making API request to endpoint: public/results/6819ac3596647ff7f42b025d
2025-05-06 12:00:10 | DEBUG    | src.api.texau_client:_make_request:51 - Making API request to endpoint: public/results/6819ac3596647ff7f42b025d
2025-05-06 12:00:12 | DEBUG    | src.api.texau_client:_make_request:51 - Making API request to endpoint: public/results/6819ac3596647ff7f42b025d
2025-05-06 12:00:14 | DEBUG    | src.api.texau_client:_make_request:51 - Making API request to endpoint: public/results/6819ac3596647ff7f42b025d
2025-05-06 12:00:16 | DEBUG    | src.api.texau_client:_make_request:51 - Making API request to endpoint: public/results/6819ac3596647ff7f42b025d
2025-05-06 12:00:17 | DEBUG    | src.api.texau_client:_make_request:51 - Making API request to endpoint: public/results/6819ac3596647ff7f42b025d
2025-05-06 12:00:19 | DEBUG    | src.api.texau_client:_make_request:51 - Making API request to endpoint: public/results/6819ac3596647ff7f42b025d
2025-05-06 12:00:21 | DEBUG    | src.api.texau_client:_make_request:51 - Making API request to endpoint: public/results/6819ac3596647ff7f42b025d
2025-05-06 12:00:23 | DEBUG    | src.api.texau_client:_make_request:51 - Making API request to endpoint: public/results/6819ac3596647ff7f42b025d
2025-05-06 12:00:25 | DEBUG    | src.api.texau_client:_make_request:51 - Making API request to endpoint: public/results/6819ac3596647ff7f42b025d
2025-05-06 12:00:27 | DEBUG    | src.api.texau_client:_make_request:51 - Making API request to endpoint: public/results/6819ac3596647ff7f42b025d
2025-05-06 12:00:29 | DEBUG    | src.api.texau_client:_make_request:51 - Making API request to endpoint: public/results/6819ac3596647ff7f42b025d
2025-05-06 12:00:30 | DEBUG    | src.api.texau_client:_make_request:51 - Making API request to endpoint: public/results/6819ac3596647ff7f42b025d
2025-05-06 12:00:32 | DEBUG    | src.api.texau_client:_make_request:51 - Making API request to endpoint: public/results/6819ac3596647ff7f42b025d
2025-05-06 12:00:34 | DEBUG    | src.api.texau_client:_make_request:51 - Making API request to endpoint: public/results/6819ac3596647ff7f42b025d
2025-05-06 12:00:36 | DEBUG    | src.api.texau_client:_make_request:51 - Making API request to endpoint: public/results/6819ac3596647ff7f42b025d
2025-05-06 12:00:38 | DEBUG    | src.api.texau_client:_make_request:51 - Making API request to endpoint: public/results/6819ac3596647ff7f42b025d
2025-05-06 12:00:40 | DEBUG    | src.api.texau_client:_make_request:51 - Making API request to endpoint: public/results/6819ac3596647ff7f42b025d
2025-05-06 12:00:41 | DEBUG    | src.api.texau_client:_make_request:51 - Making API request to endpoint: public/results/6819ac3596647ff7f42b025d
2025-05-06 12:00:43 | DEBUG    | src.api.texau_client:_make_request:51 - Making API request to endpoint: public/results/6819ac3596647ff7f42b025d
2025-05-06 12:00:45 | DEBUG    | src.api.texau_client:_make_request:51 - Making API request to endpoint: public/results/6819ac3596647ff7f42b025d
2025-05-06 12:00:47 | DEBUG    | src.api.texau_client:_make_request:51 - Making API request to endpoint: public/results/6819ac3596647ff7f42b025d
2025-05-06 12:00:49 | DEBUG    | src.api.texau_client:_make_request:51 - Making API request to endpoint: public/results/6819ac3596647ff7f42b025d
2025-05-06 12:00:51 | DEBUG    | src.api.texau_client:_make_request:51 - Making API request to endpoint: public/results/6819ac3596647ff7f42b025d
2025-05-06 12:00:52 | DEBUG    | src.api.texau_client:_make_request:51 - Making API request to endpoint: public/results/6819ac3596647ff7f42b025d
2025-05-06 12:00:54 | DEBUG    | src.api.texau_client:_make_request:51 - Making API request to endpoint: public/results/6819ac3596647ff7f42b025d
2025-05-06 12:00:56 | DEBUG    | src.api.texau_client:_make_request:51 - Making API request to endpoint: public/results/6819ac3596647ff7f42b025d
2025-05-06 12:00:58 | DEBUG    | src.api.texau_client:_make_request:51 - Making API request to endpoint: public/results/6819ac3596647ff7f42b025d
2025-05-06 12:01:00 | DEBUG    | src.api.texau_client:_make_request:51 - Making API request to endpoint: public/results/6819ac3596647ff7f42b025d
2025-05-06 12:01:02 | DEBUG    | src.api.texau_client:_make_request:51 - Making API request to endpoint: public/results/6819ac3596647ff7f42b025d
2025-05-06 12:01:03 | DEBUG    | src.api.texau_client:_make_request:51 - Making API request to endpoint: public/results/6819ac3596647ff7f42b025d
2025-05-06 12:01:05 | DEBUG    | src.api.texau_client:_make_request:51 - Making API request to endpoint: public/results/6819ac3596647ff7f42b025d
2025-05-06 12:01:07 | DEBUG    | src.api.texau_client:_make_request:51 - Making API request to endpoint: public/results/6819ac3596647ff7f42b025d
2025-05-06 12:01:09 | DEBUG    | src.api.texau_client:_make_request:51 - Making API request to endpoint: public/results/6819ac3596647ff7f42b025d
2025-05-06 12:01:11 | DEBUG    | src.api.texau_client:_make_request:51 - Making API request to endpoint: public/results/6819ac3596647ff7f42b025d
2025-05-06 12:01:13 | DEBUG    | src.api.texau_client:_make_request:51 - Making API request to endpoint: public/results/6819ac3596647ff7f42b025d
2025-05-06 12:01:15 | DEBUG    | src.api.texau_client:_make_request:51 - Making API request to endpoint: public/results/6819ac3596647ff7f42b025d
2025-05-06 12:01:16 | DEBUG    | src.api.texau_client:_make_request:51 - Making API request to endpoint: public/results/6819ac3596647ff7f42b025d
2025-05-06 12:01:18 | DEBUG    | src.api.texau_client:_make_request:51 - Making API request to endpoint: public/results/6819ac3596647ff7f42b025d
2025-05-06 12:01:20 | DEBUG    | src.api.texau_client:_make_request:51 - Making API request to endpoint: public/results/6819ac3596647ff7f42b025d
2025-05-06 12:01:22 | DEBUG    | src.api.texau_client:_make_request:51 - Making API request to endpoint: public/results/6819ac3596647ff7f42b025d
2025-05-06 12:01:24 | DEBUG    | src.api.texau_client:_make_request:51 - Making API request to endpoint: public/results/6819ac3596647ff7f42b025d
2025-05-06 12:01:26 | DEBUG    | src.api.texau_client:_make_request:51 - Making API request to endpoint: public/results/6819ac3596647ff7f42b025d
2025-05-06 12:01:28 | DEBUG    | src.api.texau_client:_make_request:51 - Making API request to endpoint: public/results/6819ac3596647ff7f42b025d
2025-05-06 12:01:30 | DEBUG    | src.api.texau_client:_make_request:51 - Making API request to endpoint: public/results/6819ac3596647ff7f42b025d
2025-05-06 12:01:55 | INFO     | __main__:main:13 - Starting LinkedIn Data Extractor
2025-05-06 12:01:55 | INFO     | src.config:load_config:14 - Loading environment variables
2025-05-06 12:01:55 | DEBUG    | src.api.texau_client:__init__:31 - TexAU client initialized with complete authentication
2025-05-06 12:01:55 | DEBUG    | src.api.linkedin_api:__init__:11 - LinkedIn API client initialized
2025-05-06 12:01:55 | DEBUG    | src.ui.app:__init__:16 - Initializing LinkedIn Extractor App
2025-05-06 12:02:03 | INFO     | __main__:main:13 - Starting LinkedIn Data Extractor
2025-05-06 12:02:03 | INFO     | src.config:load_config:14 - Loading environment variables
2025-05-06 12:02:03 | DEBUG    | src.api.texau_client:__init__:31 - TexAU client initialized with complete authentication
2025-05-06 12:02:03 | DEBUG    | src.api.linkedin_api:__init__:11 - LinkedIn API client initialized
2025-05-06 12:02:03 | DEBUG    | src.ui.app:__init__:16 - Initializing LinkedIn Extractor App
2025-05-06 12:02:04 | INFO     | __main__:main:13 - Starting LinkedIn Data Extractor
2025-05-06 12:02:04 | INFO     | src.config:load_config:14 - Loading environment variables
2025-05-06 12:02:04 | DEBUG    | src.api.texau_client:__init__:31 - TexAU client initialized with complete authentication
2025-05-06 12:02:04 | DEBUG    | src.api.linkedin_api:__init__:11 - LinkedIn API client initialized
2025-05-06 12:02:04 | DEBUG    | src.ui.app:__init__:16 - Initializing LinkedIn Extractor App
2025-05-06 12:02:04 | INFO     | src.ui.app:keyword_search_page:134 - Extracting posts for search: Allied Worldwide
2025-05-06 12:02:04 | DEBUG    | src.api.texau_client:_make_request:51 - Making API request to endpoint: public/automations?platformId=622f03eb770f6bba0b8facaa
2025-05-06 12:02:05 | DEBUG    | src.api.linkedin_api:run_automation:34 - Payload sent to TexAU /run: {
  "name": "Post Search Export",
  "description": "Export LinkedIn posts by keywords",
  "automationId": "64099c6e0936e46db5d76f4c",
  "connectedAccountId": "67ffa43877d8e1e658850bc3",
  "timezone": "Asia/Kolkata",
  "inputs": {
    "liPostSearchUrl": "Allied Worldwide",
    "startTime": "past-week",
    "maxCountPostSearch": 10
  }
}
2025-05-06 12:02:05 | DEBUG    | src.api.texau_client:_make_request:51 - Making API request to endpoint: public/run
2025-05-06 12:02:06 | DEBUG    | src.api.texau_client:_make_request:51 - Making API request to endpoint: public/results/6819ace696647ff7f42b27d1
2025-05-06 12:02:08 | DEBUG    | src.api.texau_client:_make_request:51 - Making API request to endpoint: public/results/6819ace696647ff7f42b27d1
2025-05-06 12:02:09 | DEBUG    | src.api.texau_client:_make_request:51 - Making API request to endpoint: public/results/6819ace696647ff7f42b27d1
2025-05-06 12:02:11 | DEBUG    | src.api.texau_client:_make_request:51 - Making API request to endpoint: public/results/6819ace696647ff7f42b27d1
2025-05-06 12:02:13 | DEBUG    | src.api.texau_client:_make_request:51 - Making API request to endpoint: public/results/6819ace696647ff7f42b27d1
2025-05-06 12:02:15 | DEBUG    | src.api.texau_client:_make_request:51 - Making API request to endpoint: public/results/6819ace696647ff7f42b27d1
2025-05-06 12:02:17 | DEBUG    | src.api.texau_client:_make_request:51 - Making API request to endpoint: public/results/6819ace696647ff7f42b27d1
2025-05-06 12:02:19 | DEBUG    | src.api.texau_client:_make_request:51 - Making API request to endpoint: public/results/6819ace696647ff7f42b27d1
2025-05-06 13:16:36 | INFO     | __main__:main:13 - Starting LinkedIn Data Extractor
2025-05-06 13:16:36 | INFO     | src.config:load_config:14 - Loading environment variables
2025-05-06 13:16:36 | DEBUG    | src.api.texau_client:__init__:31 - TexAU client initialized with complete authentication
2025-05-06 13:16:36 | DEBUG    | src.api.linkedin_api:__init__:11 - LinkedIn API client initialized
2025-05-06 13:16:36 | DEBUG    | src.ui.app:__init__:16 - Initializing LinkedIn Extractor App
2025-05-06 13:16:46 | INFO     | __main__:main:13 - Starting LinkedIn Data Extractor
2025-05-06 13:16:46 | INFO     | src.config:load_config:14 - Loading environment variables
2025-05-06 13:16:46 | DEBUG    | src.api.texau_client:__init__:31 - TexAU client initialized with complete authentication
2025-05-06 13:16:46 | DEBUG    | src.api.linkedin_api:__init__:11 - LinkedIn API client initialized
2025-05-06 13:16:46 | DEBUG    | src.ui.app:__init__:16 - Initializing LinkedIn Extractor App
2025-05-06 13:16:46 | INFO     | src.ui.app:keyword_search_page:134 - Extracting posts for search: Allied Worldwide
2025-05-06 13:16:46 | DEBUG    | src.api.texau_client:_make_request:51 - Making API request to endpoint: public/automations?platformId=622f03eb770f6bba0b8facaa
2025-05-06 13:16:47 | DEBUG    | src.api.linkedin_api:run_automation:34 - Payload sent to TexAU /run: {
  "name": "Post Search Export",
  "description": "Export LinkedIn posts by keywords",
  "automationId": "64099c6e0936e46db5d76f4c",
  "connectedAccountId": "67ffa43877d8e1e658850bc3",
  "timezone": "Asia/Kolkata",
  "inputs": {
    "liPostSearchUrl": "Allied Worldwide",
    "startTime": "past-week",
    "sortBy": "date_posted",
    "maxCountPostSearch": 10
  }
}
2025-05-06 13:16:47 | DEBUG    | src.api.texau_client:_make_request:51 - Making API request to endpoint: public/run
2025-05-06 13:16:48 | DEBUG    | src.api.texau_client:_make_request:51 - Making API request to endpoint: public/results/6819be6896647ff7f42ec7af
2025-05-06 13:16:50 | DEBUG    | src.api.texau_client:_make_request:51 - Making API request to endpoint: public/results/6819be6896647ff7f42ec7af
2025-05-06 13:16:52 | DEBUG    | src.api.texau_client:_make_request:51 - Making API request to endpoint: public/results/6819be6896647ff7f42ec7af
2025-05-06 13:16:54 | DEBUG    | src.api.texau_client:_make_request:51 - Making API request to endpoint: public/results/6819be6896647ff7f42ec7af
2025-05-06 13:16:56 | DEBUG    | src.api.texau_client:_make_request:51 - Making API request to endpoint: public/results/6819be6896647ff7f42ec7af
2025-05-06 13:16:57 | DEBUG    | src.api.texau_client:_make_request:51 - Making API request to endpoint: public/results/6819be6896647ff7f42ec7af
2025-05-06 13:16:59 | DEBUG    | src.api.texau_client:_make_request:51 - Making API request to endpoint: public/results/6819be6896647ff7f42ec7af
2025-05-06 13:17:01 | DEBUG    | src.api.texau_client:_make_request:51 - Making API request to endpoint: public/results/6819be6896647ff7f42ec7af
2025-05-06 13:17:03 | DEBUG    | src.api.texau_client:_make_request:51 - Making API request to endpoint: public/results/6819be6896647ff7f42ec7af
2025-05-06 14:18:58 | INFO     | __main__:main:13 - Starting LinkedIn Data Extractor
2025-05-06 14:18:58 | INFO     | src.config:load_config:14 - Loading environment variables
2025-05-06 14:18:58 | DEBUG    | src.api.texau_client:__init__:31 - TexAU client initialized with complete authentication
2025-05-06 14:18:58 | DEBUG    | src.api.linkedin_api:__init__:11 - LinkedIn API client initialized
2025-05-06 14:18:58 | DEBUG    | src.ui.app:__init__:16 - Initializing LinkedIn Extractor App
2025-05-06 14:19:11 | INFO     | __main__:main:13 - Starting LinkedIn Data Extractor
2025-05-06 14:19:11 | INFO     | src.config:load_config:14 - Loading environment variables
2025-05-06 14:19:11 | DEBUG    | src.api.texau_client:__init__:31 - TexAU client initialized with complete authentication
2025-05-06 14:19:11 | DEBUG    | src.api.linkedin_api:__init__:11 - LinkedIn API client initialized
2025-05-06 14:19:11 | DEBUG    | src.ui.app:__init__:16 - Initializing LinkedIn Extractor App
2025-05-06 14:19:15 | INFO     | __main__:main:13 - Starting LinkedIn Data Extractor
2025-05-06 14:19:15 | INFO     | src.config:load_config:14 - Loading environment variables
2025-05-06 14:19:15 | DEBUG    | src.api.texau_client:__init__:31 - TexAU client initialized with complete authentication
2025-05-06 14:19:15 | DEBUG    | src.api.linkedin_api:__init__:11 - LinkedIn API client initialized
2025-05-06 14:19:15 | DEBUG    | src.ui.app:__init__:16 - Initializing LinkedIn Extractor App
2025-05-06 14:19:15 | INFO     | __main__:main:13 - Starting LinkedIn Data Extractor
2025-05-06 14:19:15 | INFO     | src.config:load_config:14 - Loading environment variables
2025-05-06 14:19:15 | DEBUG    | src.api.texau_client:__init__:31 - TexAU client initialized with complete authentication
2025-05-06 14:19:15 | DEBUG    | src.api.linkedin_api:__init__:11 - LinkedIn API client initialized
2025-05-06 14:19:15 | DEBUG    | src.ui.app:__init__:16 - Initializing LinkedIn Extractor App
2025-05-06 14:19:16 | INFO     | __main__:main:13 - Starting LinkedIn Data Extractor
2025-05-06 14:19:16 | INFO     | src.config:load_config:14 - Loading environment variables
2025-05-06 14:19:16 | DEBUG    | src.api.texau_client:__init__:31 - TexAU client initialized with complete authentication
2025-05-06 14:19:16 | DEBUG    | src.api.linkedin_api:__init__:11 - LinkedIn API client initialized
2025-05-06 14:19:16 | DEBUG    | src.ui.app:__init__:16 - Initializing LinkedIn Extractor App
2025-05-06 14:19:19 | INFO     | __main__:main:13 - Starting LinkedIn Data Extractor
2025-05-06 14:19:19 | INFO     | src.config:load_config:14 - Loading environment variables
2025-05-06 14:19:19 | DEBUG    | src.api.texau_client:__init__:31 - TexAU client initialized with complete authentication
2025-05-06 14:19:19 | DEBUG    | src.api.linkedin_api:__init__:11 - LinkedIn API client initialized
2025-05-06 14:19:19 | DEBUG    | src.ui.app:__init__:16 - Initializing LinkedIn Extractor App
2025-05-06 14:19:19 | INFO     | src.ui.app:profile_extraction_page:344 - Extracting data for profile: https://www.linkedin.com/in/mystifoe/
2025-05-06 14:19:19 | DEBUG    | src.api.linkedin_api:run_automation:34 - Payload sent to TexAU /run: {
  "name": "Profile Extraction",
  "description": "Extract LinkedIn profile data",
  "automationId": "63f48ee97022e05c116fc798",
  "connectedAccountId": "67ffa43877d8e1e658850bc3",
  "timezone": "Asia/Kolkata",
  "inputs": {
    "liProfileUrl": "https://www.linkedin.com/in/mystifoe/"
  }
}
2025-05-06 14:19:19 | DEBUG    | src.api.texau_client:_make_request:51 - Making API request to endpoint: public/run
2025-05-06 14:19:20 | DEBUG    | src.api.texau_client:_make_request:51 - Making API request to endpoint: public/results/6819cd1096647ff7f432f829
2025-05-06 14:19:22 | DEBUG    | src.api.texau_client:_make_request:51 - Making API request to endpoint: public/results/6819cd1096647ff7f432f829
2025-05-06 14:19:23 | DEBUG    | src.api.texau_client:_make_request:51 - Making API request to endpoint: public/results/6819cd1096647ff7f432f829
2025-05-06 14:19:25 | DEBUG    | src.api.texau_client:_make_request:51 - Making API request to endpoint: public/results/6819cd1096647ff7f432f829
2025-05-06 14:19:27 | DEBUG    | src.api.texau_client:_make_request:51 - Making API request to endpoint: public/results/6819cd1096647ff7f432f829
2025-05-06 14:19:29 | DEBUG    | src.api.texau_client:_make_request:51 - Making API request to endpoint: public/results/6819cd1096647ff7f432f829
2025-05-06 14:19:31 | DEBUG    | src.api.texau_client:_make_request:51 - Making API request to endpoint: public/results/6819cd1096647ff7f432f829
2025-05-06 14:19:33 | DEBUG    | src.api.texau_client:_make_request:51 - Making API request to endpoint: public/results/6819cd1096647ff7f432f829
2025-05-06 14:19:35 | DEBUG    | src.api.texau_client:_make_request:51 - Making API request to endpoint: public/results/6819cd1096647ff7f432f829
2025-05-06 14:19:37 | DEBUG    | src.api.texau_client:_make_request:51 - Making API request to endpoint: public/results/6819cd1096647ff7f432f829
2025-05-06 14:19:39 | DEBUG    | src.api.texau_client:_make_request:51 - Making API request to endpoint: public/results/6819cd1096647ff7f432f829
2025-05-06 14:19:41 | DEBUG    | src.api.texau_client:_make_request:51 - Making API request to endpoint: public/results/6819cd1096647ff7f432f829
2025-05-06 14:19:43 | DEBUG    | src.api.texau_client:_make_request:51 - Making API request to endpoint: public/results/6819cd1096647ff7f432f829
2025-05-06 14:19:44 | DEBUG    | src.api.texau_client:_make_request:51 - Making API request to endpoint: public/results/6819cd1096647ff7f432f829
2025-05-06 14:19:46 | DEBUG    | src.api.texau_client:_make_request:51 - Making API request to endpoint: public/results/6819cd1096647ff7f432f829
2025-05-06 14:19:48 | DEBUG    | src.api.texau_client:_make_request:51 - Making API request to endpoint: public/results/6819cd1096647ff7f432f829
2025-05-06 14:19:50 | DEBUG    | src.api.texau_client:_make_request:51 - Making API request to endpoint: public/results/6819cd1096647ff7f432f829
2025-05-06 14:19:52 | DEBUG    | src.api.texau_client:_make_request:51 - Making API request to endpoint: public/results/6819cd1096647ff7f432f829
2025-05-06 14:19:53 | DEBUG    | src.api.texau_client:_make_request:51 - Making API request to endpoint: public/results/6819cd1096647ff7f432f829
2025-05-06 14:19:56 | DEBUG    | src.api.texau_client:_make_request:51 - Making API request to endpoint: public/results/6819cd1096647ff7f432f829
2025-05-06 14:19:57 | DEBUG    | src.api.texau_client:_make_request:51 - Making API request to endpoint: public/results/6819cd1096647ff7f432f829
2025-05-06 14:19:59 | DEBUG    | src.api.texau_client:_make_request:51 - Making API request to endpoint: public/results/6819cd1096647ff7f432f829
2025-05-06 14:20:01 | DEBUG    | src.api.texau_client:_make_request:51 - Making API request to endpoint: public/results/6819cd1096647ff7f432f829
2025-05-06 14:20:03 | DEBUG    | src.api.texau_client:_make_request:51 - Making API request to endpoint: public/results/6819cd1096647ff7f432f829
2025-05-06 14:20:05 | DEBUG    | src.api.texau_client:_make_request:51 - Making API request to endpoint: public/results/6819cd1096647ff7f432f829
2025-05-06 14:20:07 | DEBUG    | src.api.texau_client:_make_request:51 - Making API request to endpoint: public/results/6819cd1096647ff7f432f829
2025-05-06 14:20:09 | DEBUG    | src.api.texau_client:_make_request:51 - Making API request to endpoint: public/results/6819cd1096647ff7f432f829
2025-05-06 14:20:11 | DEBUG    | src.api.texau_client:_make_request:51 - Making API request to endpoint: public/results/6819cd1096647ff7f432f829
2025-05-06 14:20:12 | DEBUG    | src.api.texau_client:_make_request:51 - Making API request to endpoint: public/results/6819cd1096647ff7f432f829
2025-05-06 14:20:13 | INFO     | src.data.data_processor:convert_to_dataframe:21 - Converting profile data to DataFrame
2025-05-06 14:35:17 | INFO     | __main__:main:13 - Starting LinkedIn Data Extractor
2025-05-06 14:35:17 | INFO     | src.config:load_config:14 - Loading environment variables
2025-05-06 14:35:17 | DEBUG    | src.api.texau_client:__init__:31 - TexAU client initialized with complete authentication
2025-05-06 14:35:17 | DEBUG    | src.api.linkedin_api:__init__:11 - LinkedIn API client initialized
2025-05-06 14:35:17 | DEBUG    | src.ui.app:__init__:16 - Initializing LinkedIn Extractor App
2025-05-06 16:15:05 | INFO     | __main__:main:13 - Starting LinkedIn Data Extractor
2025-05-06 16:15:05 | INFO     | src.config:load_config:14 - Loading environment variables
2025-05-06 16:15:05 | DEBUG    | src.api.texau_client:__init__:31 - TexAU client initialized with complete authentication
2025-05-06 16:15:05 | DEBUG    | src.api.linkedin_api:__init__:11 - LinkedIn API client initialized
2025-05-06 16:15:05 | DEBUG    | src.ui.app:__init__:16 - Initializing LinkedIn Extractor App
2025-05-06 18:31:07 | INFO     | __main__:main:13 - Starting LinkedIn Data Extractor
2025-05-06 18:31:07 | INFO     | src.config:load_config:14 - Loading environment variables
2025-05-06 18:31:07 | DEBUG    | src.api.texau_client:__init__:31 - TexAU client initialized with complete authentication
2025-05-06 18:31:07 | DEBUG    | src.api.linkedin_api:__init__:11 - LinkedIn API client initialized
2025-05-06 18:31:07 | DEBUG    | src.ui.app:__init__:16 - Initializing LinkedIn Extractor App
2025-05-06 18:31:12 | INFO     | __main__:main:13 - Starting LinkedIn Data Extractor
2025-05-06 18:31:12 | INFO     | src.config:load_config:14 - Loading environment variables
2025-05-06 18:31:12 | DEBUG    | src.api.texau_client:__init__:31 - TexAU client initialized with complete authentication
2025-05-06 18:31:12 | DEBUG    | src.api.linkedin_api:__init__:11 - LinkedIn API client initialized
2025-05-06 18:31:12 | DEBUG    | src.ui.app:__init__:16 - Initializing LinkedIn Extractor App
2025-05-06 18:31:13 | INFO     | __main__:main:13 - Starting LinkedIn Data Extractor
2025-05-06 18:31:13 | INFO     | src.config:load_config:14 - Loading environment variables
2025-05-06 18:31:13 | DEBUG    | src.api.texau_client:__init__:31 - TexAU client initialized with complete authentication
2025-05-06 18:31:13 | DEBUG    | src.api.linkedin_api:__init__:11 - LinkedIn API client initialized
2025-05-06 18:31:13 | DEBUG    | src.ui.app:__init__:16 - Initializing LinkedIn Extractor App
2025-05-06 19:08:25 | INFO     | __main__:main:13 - Starting LinkedIn Data Extractor
2025-05-06 19:08:25 | INFO     | src.config:load_config:14 - Loading environment variables
2025-05-06 19:08:25 | DEBUG    | src.api.texau_client:__init__:31 - TexAU client initialized with complete authentication
2025-05-06 19:08:25 | DEBUG    | src.api.linkedin_api:__init__:11 - LinkedIn API client initialized
2025-05-06 19:08:25 | DEBUG    | src.ui.app:__init__:16 - Initializing LinkedIn Extractor App
2025-05-06 19:08:41 | INFO     | __main__:main:13 - Starting LinkedIn Data Extractor
2025-05-06 19:08:41 | INFO     | src.config:load_config:14 - Loading environment variables
2025-05-06 19:08:41 | DEBUG    | src.api.texau_client:__init__:31 - TexAU client initialized with complete authentication
2025-05-06 19:08:41 | DEBUG    | src.api.linkedin_api:__init__:11 - LinkedIn API client initialized
2025-05-06 19:08:41 | DEBUG    | src.ui.app:__init__:16 - Initializing LinkedIn Extractor App
2025-05-06 19:08:44 | INFO     | __main__:main:13 - Starting LinkedIn Data Extractor
2025-05-06 19:08:44 | INFO     | src.config:load_config:14 - Loading environment variables
2025-05-06 19:08:44 | DEBUG    | src.api.texau_client:__init__:31 - TexAU client initialized with complete authentication
2025-05-06 19:08:44 | DEBUG    | src.api.linkedin_api:__init__:11 - LinkedIn API client initialized
2025-05-06 19:08:44 | DEBUG    | src.ui.app:__init__:16 - Initializing LinkedIn Extractor App
2025-05-06 19:08:45 | INFO     | __main__:main:13 - Starting LinkedIn Data Extractor
2025-05-06 19:08:45 | INFO     | src.config:load_config:14 - Loading environment variables
2025-05-06 19:08:45 | DEBUG    | src.api.texau_client:__init__:31 - TexAU client initialized with complete authentication
2025-05-06 19:08:45 | DEBUG    | src.api.linkedin_api:__init__:11 - LinkedIn API client initialized
2025-05-06 19:08:45 | DEBUG    | src.ui.app:__init__:16 - Initializing LinkedIn Extractor App
2025-05-06 19:08:53 | INFO     | __main__:main:13 - Starting LinkedIn Data Extractor
2025-05-06 19:08:53 | INFO     | src.config:load_config:14 - Loading environment variables
2025-05-06 19:08:53 | DEBUG    | src.api.texau_client:__init__:31 - TexAU client initialized with complete authentication
2025-05-06 19:08:53 | DEBUG    | src.api.linkedin_api:__init__:11 - LinkedIn API client initialized
2025-05-06 19:08:53 | DEBUG    | src.ui.app:__init__:16 - Initializing LinkedIn Extractor App
2025-05-06 19:13:33 | INFO     | __main__:main:13 - Starting LinkedIn Data Extractor
2025-05-06 19:13:33 | INFO     | src.config:load_config:14 - Loading environment variables
2025-05-06 19:13:33 | DEBUG    | src.api.texau_client:__init__:31 - TexAU client initialized with complete authentication
2025-05-06 19:13:33 | DEBUG    | src.api.linkedin_api:__init__:11 - LinkedIn API client initialized
2025-05-06 19:13:33 | DEBUG    | src.ui.app:__init__:16 - Initializing LinkedIn Extractor App
2025-05-06 19:13:52 | INFO     | __main__:main:13 - Starting LinkedIn Data Extractor
2025-05-06 19:13:52 | INFO     | src.config:load_config:14 - Loading environment variables
2025-05-06 19:13:52 | DEBUG    | src.api.texau_client:__init__:31 - TexAU client initialized with complete authentication
2025-05-06 19:13:52 | DEBUG    | src.api.linkedin_api:__init__:11 - LinkedIn API client initialized
2025-05-06 19:13:52 | DEBUG    | src.ui.app:__init__:16 - Initializing LinkedIn Extractor App
2025-05-06 19:13:56 | INFO     | __main__:main:13 - Starting LinkedIn Data Extractor
2025-05-06 19:13:56 | INFO     | src.config:load_config:14 - Loading environment variables
2025-05-06 19:13:56 | DEBUG    | src.api.texau_client:__init__:31 - TexAU client initialized with complete authentication
2025-05-06 19:13:56 | DEBUG    | src.api.linkedin_api:__init__:11 - LinkedIn API client initialized
2025-05-06 19:13:56 | DEBUG    | src.ui.app:__init__:16 - Initializing LinkedIn Extractor App
2025-05-06 19:13:58 | INFO     | __main__:main:13 - Starting LinkedIn Data Extractor
2025-05-06 19:13:58 | INFO     | src.config:load_config:14 - Loading environment variables
2025-05-06 19:13:58 | DEBUG    | src.api.texau_client:__init__:31 - TexAU client initialized with complete authentication
2025-05-06 19:13:58 | DEBUG    | src.api.linkedin_api:__init__:11 - LinkedIn API client initialized
2025-05-06 19:13:58 | DEBUG    | src.ui.app:__init__:16 - Initializing LinkedIn Extractor App
2025-05-06 19:14:02 | INFO     | __main__:main:13 - Starting LinkedIn Data Extractor
2025-05-06 19:14:02 | INFO     | src.config:load_config:14 - Loading environment variables
2025-05-06 19:14:02 | DEBUG    | src.api.texau_client:__init__:31 - TexAU client initialized with complete authentication
2025-05-06 19:14:02 | DEBUG    | src.api.linkedin_api:__init__:11 - LinkedIn API client initialized
2025-05-06 19:14:02 | DEBUG    | src.ui.app:__init__:16 - Initializing LinkedIn Extractor App
2025-05-06 19:14:10 | INFO     | __main__:main:13 - Starting LinkedIn Data Extractor
2025-05-06 19:14:10 | INFO     | src.config:load_config:14 - Loading environment variables
2025-05-06 19:14:10 | DEBUG    | src.api.texau_client:__init__:31 - TexAU client initialized with complete authentication
2025-05-06 19:14:10 | DEBUG    | src.api.linkedin_api:__init__:11 - LinkedIn API client initialized
2025-05-06 19:14:10 | DEBUG    | src.ui.app:__init__:16 - Initializing LinkedIn Extractor App
2025-05-06 19:14:13 | INFO     | __main__:main:13 - Starting LinkedIn Data Extractor
2025-05-06 19:14:13 | INFO     | src.config:load_config:14 - Loading environment variables
2025-05-06 19:14:13 | DEBUG    | src.api.texau_client:__init__:31 - TexAU client initialized with complete authentication
2025-05-06 19:14:13 | DEBUG    | src.api.linkedin_api:__init__:11 - LinkedIn API client initialized
2025-05-06 19:14:13 | DEBUG    | src.ui.app:__init__:16 - Initializing LinkedIn Extractor App
2025-05-06 19:14:13 | INFO     | __main__:main:13 - Starting LinkedIn Data Extractor
2025-05-06 19:14:13 | INFO     | src.config:load_config:14 - Loading environment variables
2025-05-06 19:14:13 | DEBUG    | src.api.texau_client:__init__:31 - TexAU client initialized with complete authentication
2025-05-06 19:14:13 | DEBUG    | src.api.linkedin_api:__init__:11 - LinkedIn API client initialized
2025-05-06 19:14:13 | DEBUG    | src.ui.app:__init__:16 - Initializing LinkedIn Extractor App
2025-05-06 19:14:13 | DEBUG    | src.api.texau_client:_make_request:51 - Making API request to endpoint: public/automations?platformId=622f03eb770f6bba0b8facaa
2025-05-06 19:14:14 | DEBUG    | src.api.linkedin_api:run_automation:34 - Payload sent to TexAU /run: {
  "name": "Post Search Export",
  "description": "Export LinkedIn posts by keywords",
  "automationId": "64099c6e0936e46db5d76f4c",
  "connectedAccountId": "67ffa43877d8e1e658850bc3",
  "timezone": "Asia/Kolkata",
  "inputs": {
    "liPostSearchUrl": "Allied Worldwide",
    "startTime": "past-24h",
    "sortBy": "date_posted",
    "maxCountPostSearch": 2
  }
}
2025-05-06 19:14:14 | DEBUG    | src.api.texau_client:_make_request:51 - Making API request to endpoint: public/run
2025-05-06 19:14:15 | DEBUG    | src.api.texau_client:_make_request:51 - Making API request to endpoint: public/results/681a122f96647ff7f44a980b
2025-05-06 19:14:16 | DEBUG    | src.api.texau_client:_make_request:51 - Making API request to endpoint: public/results/681a122f96647ff7f44a980b
2025-05-06 19:14:18 | DEBUG    | src.api.texau_client:_make_request:51 - Making API request to endpoint: public/results/681a122f96647ff7f44a980b
2025-05-06 19:14:18 | INFO     | __main__:main:13 - Starting LinkedIn Data Extractor
2025-05-06 19:14:18 | INFO     | src.config:load_config:14 - Loading environment variables
2025-05-06 19:14:18 | DEBUG    | src.api.texau_client:__init__:31 - TexAU client initialized with complete authentication
2025-05-06 19:14:18 | DEBUG    | src.api.linkedin_api:__init__:11 - LinkedIn API client initialized
2025-05-06 19:14:18 | DEBUG    | src.ui.app:__init__:16 - Initializing LinkedIn Extractor App
2025-05-06 19:14:20 | DEBUG    | src.api.texau_client:_make_request:51 - Making API request to endpoint: public/results/681a122f96647ff7f44a980b
2025-05-06 19:14:21 | INFO     | __main__:main:13 - Starting LinkedIn Data Extractor
2025-05-06 19:14:21 | INFO     | src.config:load_config:14 - Loading environment variables
2025-05-06 19:14:21 | DEBUG    | src.api.texau_client:__init__:31 - TexAU client initialized with complete authentication
2025-05-06 19:14:21 | DEBUG    | src.api.linkedin_api:__init__:11 - LinkedIn API client initialized
2025-05-06 19:14:21 | DEBUG    | src.ui.app:__init__:16 - Initializing LinkedIn Extractor App
2025-05-06 19:14:22 | DEBUG    | src.api.texau_client:_make_request:51 - Making API request to endpoint: public/results/681a122f96647ff7f44a980b
2025-05-06 19:14:24 | DEBUG    | src.api.texau_client:_make_request:51 - Making API request to endpoint: public/results/681a122f96647ff7f44a980b
2025-05-06 19:14:25 | DEBUG    | src.api.texau_client:_make_request:51 - Making API request to endpoint: public/results/681a122f96647ff7f44a980b
2025-05-06 19:14:27 | DEBUG    | src.api.texau_client:_make_request:51 - Making API request to endpoint: public/results/681a122f96647ff7f44a980b
2025-05-06 19:14:29 | DEBUG    | src.api.texau_client:_make_request:51 - Making API request to endpoint: public/results/681a122f96647ff7f44a980b
2025-05-06 19:14:31 | INFO     | __main__:main:13 - Starting LinkedIn Data Extractor
2025-05-06 19:14:31 | INFO     | src.config:load_config:14 - Loading environment variables
2025-05-06 19:14:31 | DEBUG    | src.api.texau_client:__init__:31 - TexAU client initialized with complete authentication
2025-05-06 19:14:31 | DEBUG    | src.api.linkedin_api:__init__:11 - LinkedIn API client initialized
2025-05-06 19:14:31 | DEBUG    | src.ui.app:__init__:16 - Initializing LinkedIn Extractor App
2025-05-06 19:14:36 | INFO     | __main__:main:13 - Starting LinkedIn Data Extractor
2025-05-06 19:14:36 | INFO     | src.config:load_config:14 - Loading environment variables
2025-05-06 19:14:36 | DEBUG    | src.api.texau_client:__init__:31 - TexAU client initialized with complete authentication
2025-05-06 19:14:36 | DEBUG    | src.api.linkedin_api:__init__:11 - LinkedIn API client initialized
2025-05-06 19:14:36 | DEBUG    | src.ui.app:__init__:16 - Initializing LinkedIn Extractor App
2025-05-06 19:26:25 | INFO     | __main__:main:13 - Starting LinkedIn Data Extractor
2025-05-06 19:26:25 | INFO     | src.config:load_config:14 - Loading environment variables
2025-05-06 19:26:25 | DEBUG    | src.api.texau_client:__init__:31 - TexAU client initialized with complete authentication
2025-05-06 19:26:25 | DEBUG    | src.api.linkedin_api:__init__:11 - LinkedIn API client initialized
2025-05-06 19:26:25 | DEBUG    | src.ui.app:__init__:16 - Initializing LinkedIn Extractor App
2025-05-06 19:26:30 | INFO     | __main__:main:13 - Starting LinkedIn Data Extractor
2025-05-06 19:26:30 | INFO     | src.config:load_config:14 - Loading environment variables
2025-05-06 19:26:30 | DEBUG    | src.api.texau_client:__init__:31 - TexAU client initialized with complete authentication
2025-05-06 19:26:30 | DEBUG    | src.api.linkedin_api:__init__:11 - LinkedIn API client initialized
2025-05-06 19:26:30 | DEBUG    | src.ui.app:__init__:16 - Initializing LinkedIn Extractor App
2025-05-06 19:26:32 | INFO     | __main__:main:13 - Starting LinkedIn Data Extractor
2025-05-06 19:26:32 | INFO     | src.config:load_config:14 - Loading environment variables
2025-05-06 19:26:32 | DEBUG    | src.api.texau_client:__init__:31 - TexAU client initialized with complete authentication
2025-05-06 19:26:32 | DEBUG    | src.api.linkedin_api:__init__:11 - LinkedIn API client initialized
2025-05-06 19:26:32 | DEBUG    | src.ui.app:__init__:16 - Initializing LinkedIn Extractor App
2025-05-06 19:26:33 | INFO     | __main__:main:13 - Starting LinkedIn Data Extractor
2025-05-06 19:26:33 | INFO     | src.config:load_config:14 - Loading environment variables
2025-05-06 19:26:33 | DEBUG    | src.api.texau_client:__init__:31 - TexAU client initialized with complete authentication
2025-05-06 19:26:33 | DEBUG    | src.api.linkedin_api:__init__:11 - LinkedIn API client initialized
2025-05-06 19:26:33 | DEBUG    | src.ui.app:__init__:16 - Initializing LinkedIn Extractor App
2025-05-06 19:26:35 | INFO     | __main__:main:13 - Starting LinkedIn Data Extractor
2025-05-06 19:26:35 | INFO     | src.config:load_config:14 - Loading environment variables
2025-05-06 19:26:35 | DEBUG    | src.api.texau_client:__init__:31 - TexAU client initialized with complete authentication
2025-05-06 19:26:35 | DEBUG    | src.api.linkedin_api:__init__:11 - LinkedIn API client initialized
2025-05-06 19:26:35 | DEBUG    | src.ui.app:__init__:16 - Initializing LinkedIn Extractor App
2025-05-06 19:26:39 | INFO     | __main__:main:13 - Starting LinkedIn Data Extractor
2025-05-06 19:26:39 | INFO     | src.config:load_config:14 - Loading environment variables
2025-05-06 19:26:39 | DEBUG    | src.api.texau_client:__init__:31 - TexAU client initialized with complete authentication
2025-05-06 19:26:39 | DEBUG    | src.api.linkedin_api:__init__:11 - LinkedIn API client initialized
2025-05-06 19:26:39 | DEBUG    | src.ui.app:__init__:16 - Initializing LinkedIn Extractor App
2025-05-06 19:26:41 | INFO     | __main__:main:13 - Starting LinkedIn Data Extractor
2025-05-06 19:26:41 | INFO     | src.config:load_config:14 - Loading environment variables
2025-05-06 19:26:41 | DEBUG    | src.api.texau_client:__init__:31 - TexAU client initialized with complete authentication
2025-05-06 19:26:41 | DEBUG    | src.api.linkedin_api:__init__:11 - LinkedIn API client initialized
2025-05-06 19:26:41 | DEBUG    | src.ui.app:__init__:16 - Initializing LinkedIn Extractor App
2025-05-06 19:27:20 | INFO     | __main__:main:13 - Starting LinkedIn Data Extractor
2025-05-06 19:27:20 | INFO     | src.config:load_config:14 - Loading environment variables
2025-05-06 19:27:20 | DEBUG    | src.api.texau_client:__init__:31 - TexAU client initialized with complete authentication
2025-05-06 19:27:20 | DEBUG    | src.api.linkedin_api:__init__:11 - LinkedIn API client initialized
2025-05-06 19:27:20 | DEBUG    | src.ui.app:__init__:16 - Initializing LinkedIn Extractor App
2025-05-06 19:27:21 | INFO     | __main__:main:13 - Starting LinkedIn Data Extractor
2025-05-06 19:27:21 | INFO     | src.config:load_config:14 - Loading environment variables
2025-05-06 19:27:21 | DEBUG    | src.api.texau_client:__init__:31 - TexAU client initialized with complete authentication
2025-05-06 19:27:21 | DEBUG    | src.api.linkedin_api:__init__:11 - LinkedIn API client initialized
2025-05-06 19:27:21 | DEBUG    | src.ui.app:__init__:16 - Initializing LinkedIn Extractor App
2025-05-06 19:27:23 | INFO     | __main__:main:13 - Starting LinkedIn Data Extractor
2025-05-06 19:27:23 | INFO     | src.config:load_config:14 - Loading environment variables
2025-05-06 19:27:23 | DEBUG    | src.api.texau_client:__init__:31 - TexAU client initialized with complete authentication
2025-05-06 19:27:23 | DEBUG    | src.api.linkedin_api:__init__:11 - LinkedIn API client initialized
2025-05-06 19:27:23 | DEBUG    | src.ui.app:__init__:16 - Initializing LinkedIn Extractor App
